<?xml version="1.0" encoding="UTF-8"?>
<testng-results skipped="0" failed="0" ignored="0" total="1" passed="1">
  <reporter-output>
  </reporter-output>
  <suite name="Suite" duration-ms="21554" started-at="2019-08-16T12:27:09Z" finished-at="2019-08-16T12:27:31Z">
    <groups>
    </groups>
    <test name="Test" duration-ms="21554" started-at="2019-08-16T12:27:09Z" finished-at="2019-08-16T12:27:31Z">
      <class name="abcd.demo">
        <test-method status="PASS" signature="test1()[pri:0, instance:abcd.demo@675d3402]" name="test1" duration-ms="21503" started-at="2019-08-16T12:27:10Z" finished-at="2019-08-16T12:27:31Z">
          <reporter-output>
          </reporter-output>
        </test-method> <!-- test1 -->
      </class> <!-- abcd.demo -->
    </test> <!-- Test -->
  </suite> <!-- Suite -->
</testng-results>
